
INFO:root: created new message!
INFO:root:sadsad created new message!
INFO:root: deleted message with id = 8
INFO:root:sadsad deleted message with id = 9
INFO:root:asd created new message!
INFO:root:author created new message!
INFO:root:author deleted message with id = 11
INFO:root:asd deleted message with id = 10
INFO:root: created new message!
INFO:root:sada created new message!
INFO:root: created new rating!
INFO:root: deleted rating with id = 14
INFO:root: deleted rating with id = 12
INFO:root:sada edited rating with id = 13!
INFO:root:sada edited rating with id = 13!
INFO:root:sada deleted rating with id = 13
INFO:root:Wolf of wolf street created new rating!
INFO:root:Jivota na Protestirashtiqt created new rating!
INFO:root:Wolf of wolf street edited rating with id = 15!
INFO:root:Wolf of wolf street edited rating with id = 15!
INFO:root:Wolf of wolf street deleted rating with id = 15
INFO:root:gggg created new rating!
INFO:root:gggg deleted rating with id = 1
INFO:root: created new rating!
INFO:root: created new rating!
INFO:root: edited rating with id = 2!
INFO:root: deleted rating with id = 2
INFO:root: deleted rating with id = 3
INFO:root:fas created new rating!
INFO:root:fas created new rating!
INFO:root:sss created new rating!
INFO:root:fas edited rating with id = 4!
INFO:root:fas edited rating with id = 4!
INFO:root:sss edited rating with id = 6!
INFO:root: created new rating!
INFO:root: created new rating!
